<?xml version="1.0" encoding="UTF-8"?>
<testng-results ignored="0" total="1" passed="1" failed="0" skipped="0">
  <reporter-output>
  </reporter-output>
  <suite started-at="2023-06-20T17:01:16 SGT" name="Suite" finished-at="2023-06-20T17:01:50 SGT" duration-ms="34741">
    <groups>
    </groups>
    <test started-at="2023-06-20T17:01:16 SGT" name="Test" finished-at="2023-06-20T17:01:50 SGT" duration-ms="34741">
      <class name="Testng.Annotationandpriority">
        <test-method signature="Openapp()[pri:0, instance:Testng.Annotationandpriority@72f926e6]" started-at="2023-06-20T17:01:16 SGT" name="Openapp" finished-at="2023-06-20T17:01:50 SGT" duration-ms="34646" status="PASS">
          <reporter-output>
          </reporter-output>
        </test-method> <!-- Openapp -->
      </class> <!-- Testng.Annotationandpriority -->
    </test> <!-- Test -->
  </suite> <!-- Suite -->
</testng-results>
